<?xml version="1.0" encoding="UTF-8"?>
<!-- Generated by org.testng.reporters.JUnitXMLReporter -->
<testsuite hostname="PICL-JTLPMF2" ignored="0" name="TestLogin" tests="25" failures="0" timestamp="28 Aug 2018 00:57:10 GMT" time="12.636" errors="0">
  <testcase name="@BeforeTest startDriver" time="10.091" classname="mvp.cc.testing.CCTesting.TestExecutor">
    <failure type="org.openqa.selenium.WebDriverException" message="unknown error: failed to change window state to maximized, current state is normal
  (Session info: chrome=67.0.3396.99)
  (Driver info: chromedriver=2.40.565498 (ea082db3280dd6843ebfb08a625e3eb905c4f5ab),platform=Windows NT 10.0.16299 x86_64) (WARNING: The server did not provide any stacktrace information)
Command duration or timeout: 0 milliseconds
Build info: version: &amp;apos;3.13.0&amp;apos;, revision: &amp;apos;2f0d292&amp;apos;, time: &amp;apos;2018-06-25T15:24:21.231Z&amp;apos;
System info: host: &amp;apos;PICL-JTLPMF2&amp;apos;, ip: &amp;apos;10.90.140.79&amp;apos;, os.name: &amp;apos;Windows 10&amp;apos;, os.arch: &amp;apos;amd64&amp;apos;, os.version: &amp;apos;10.0&amp;apos;, java.version: &amp;apos;1.8.0_92&amp;apos;
Driver info: org.openqa.selenium.chrome.ChromeDriver
Capabilities {acceptInsecureCerts: false, acceptSslCerts: false, applicationCacheEnabled: false, browserConnectionEnabled: false, browserName: chrome, chrome: {chromedriverVersion: 2.40.565498 (ea082db3280dd6..., userDataDir: C:\Users\ASALON~1.PIC\AppDa...}, cssSelectorsEnabled: true, databaseEnabled: false, handlesAlerts: true, hasTouchScreen: false, javascriptEnabled: true, locationContextEnabled: true, mobileEmulationEnabled: false, nativeEvents: true, networkConnectionEnabled: false, pageLoadStrategy: normal, platform: XP, platformName: XP, rotatable: false, setWindowRect: true, takesHeapSnapshot: true, takesScreenshot: true, unexpectedAlertBehaviour: , unhandledPromptBehavior: , version: 67.0.3396.99, webStorageEnabled: true}
Session ID: 724e73246812da300676086f5f78caf5">
      <![CDATA[org.openqa.selenium.WebDriverException: unknown error: failed to change window state to maximized, current state is normal
  (Session info: chrome=67.0.3396.99)
  (Driver info: chromedriver=2.40.565498 (ea082db3280dd6843ebfb08a625e3eb905c4f5ab),platform=Windows NT 10.0.16299 x86_64) (WARNING: The server did not provide any stacktrace information)
Command duration or timeout: 0 milliseconds
Build info: version: '3.13.0', revision: '2f0d292', time: '2018-06-25T15:24:21.231Z'
System info: host: 'PICL-JTLPMF2', ip: '10.90.140.79', os.name: 'Windows 10', os.arch: 'amd64', os.version: '10.0', java.version: '1.8.0_92'
Driver info: org.openqa.selenium.chrome.ChromeDriver
Capabilities {acceptInsecureCerts: false, acceptSslCerts: false, applicationCacheEnabled: false, browserConnectionEnabled: false, browserName: chrome, chrome: {chromedriverVersion: 2.40.565498 (ea082db3280dd6..., userDataDir: C:\Users\ASALON~1.PIC\AppDa...}, cssSelectorsEnabled: true, databaseEnabled: false, handlesAlerts: true, hasTouchScreen: false, javascriptEnabled: true, locationContextEnabled: true, mobileEmulationEnabled: false, nativeEvents: true, networkConnectionEnabled: false, pageLoadStrategy: normal, platform: XP, platformName: XP, rotatable: false, setWindowRect: true, takesHeapSnapshot: true, takesScreenshot: true, unexpectedAlertBehaviour: , unhandledPromptBehavior: , version: 67.0.3396.99, webStorageEnabled: true}
Session ID: 724e73246812da300676086f5f78caf5
at org.openqa.selenium.remote.ErrorHandler.createThrowable(ErrorHandler.java:214)
at org.openqa.selenium.remote.ErrorHandler.throwIfResponseFailed(ErrorHandler.java:166)
at org.openqa.selenium.remote.http.JsonHttpResponseCodec.reconstructValue(JsonHttpResponseCodec.java:40)
at org.openqa.selenium.remote.http.AbstractHttpResponseCodec.decode(AbstractHttpResponseCodec.java:80)
at org.openqa.selenium.remote.http.AbstractHttpResponseCodec.decode(AbstractHttpResponseCodec.java:44)
at org.openqa.selenium.remote.HttpCommandExecutor.execute(HttpCommandExecutor.java:158)
at org.openqa.selenium.remote.service.DriverCommandExecutor.execute(DriverCommandExecutor.java:83)
at org.openqa.selenium.remote.RemoteWebDriver.execute(RemoteWebDriver.java:548)
at org.openqa.selenium.remote.RemoteWebDriver.execute(RemoteWebDriver.java:605)
at org.openqa.selenium.remote.RemoteWebDriver$RemoteWebDriverOptions$RemoteWindow.maximize(RemoteWebDriver.java:833)
at mvp.cc.testing.CCTesting.Application.<init>(Application.java:33)
at mvp.cc.testing.CCTesting.TestExecutor.startDriver(TestExecutor.java:15)
... Removed 32 stack frames]]>
    </failure>
  </testcase> <!-- @BeforeTest startDriver -->
  <testcase name="claimTestCase" time="0.0" classname="mvp.cc.testing.CCTesting.TestExecutor">
    <skipped/>
  </testcase> <!-- claimTestCase -->
  <testcase name="claimTestCase" time="0.0" classname="mvp.cc.testing.CCTesting.TestExecutor">
    <skipped/>
  </testcase> <!-- claimTestCase -->
  <testcase name="claimTestCase" time="0.0" classname="mvp.cc.testing.CCTesting.TestExecutor">
    <skipped/>
  </testcase> <!-- claimTestCase -->
  <testcase name="claimTestCase" time="0.0" classname="mvp.cc.testing.CCTesting.TestExecutor">
    <skipped/>
  </testcase> <!-- claimTestCase -->
  <testcase name="claimTestCase" time="0.0" classname="mvp.cc.testing.CCTesting.TestExecutor">
    <skipped/>
  </testcase> <!-- claimTestCase -->
  <testcase name="claimTestCase" time="0.0" classname="mvp.cc.testing.CCTesting.TestExecutor">
    <skipped/>
  </testcase> <!-- claimTestCase -->
  <testcase name="claimTestCase" time="0.0" classname="mvp.cc.testing.CCTesting.TestExecutor">
    <skipped/>
  </testcase> <!-- claimTestCase -->
  <testcase name="claimTestCase" time="0.0" classname="mvp.cc.testing.CCTesting.TestExecutor">
    <skipped/>
  </testcase> <!-- claimTestCase -->
  <testcase name="claimTestCase" time="0.0" classname="mvp.cc.testing.CCTesting.TestExecutor">
    <skipped/>
  </testcase> <!-- claimTestCase -->
  <testcase name="claimTestCase" time="0.0" classname="mvp.cc.testing.CCTesting.TestExecutor">
    <skipped/>
  </testcase> <!-- claimTestCase -->
  <testcase name="claimTestCase" time="0.0" classname="mvp.cc.testing.CCTesting.TestExecutor">
    <skipped/>
  </testcase> <!-- claimTestCase -->
  <testcase name="claimTestCase" time="0.0" classname="mvp.cc.testing.CCTesting.TestExecutor">
    <skipped/>
  </testcase> <!-- claimTestCase -->
  <testcase name="claimTestCase" time="0.0" classname="mvp.cc.testing.CCTesting.TestExecutor">
    <skipped/>
  </testcase> <!-- claimTestCase -->
  <testcase name="claimTestCase" time="0.0" classname="mvp.cc.testing.CCTesting.TestExecutor">
    <skipped/>
  </testcase> <!-- claimTestCase -->
  <testcase name="claimTestCase" time="0.0" classname="mvp.cc.testing.CCTesting.TestExecutor">
    <skipped/>
  </testcase> <!-- claimTestCase -->
  <testcase name="claimTestCase" time="0.0" classname="mvp.cc.testing.CCTesting.TestExecutor">
    <skipped/>
  </testcase> <!-- claimTestCase -->
  <testcase name="claimTestCase" time="0.0" classname="mvp.cc.testing.CCTesting.TestExecutor">
    <skipped/>
  </testcase> <!-- claimTestCase -->
  <testcase name="claimTestCase" time="0.0" classname="mvp.cc.testing.CCTesting.TestExecutor">
    <skipped/>
  </testcase> <!-- claimTestCase -->
  <testcase name="claimTestCase" time="0.0" classname="mvp.cc.testing.CCTesting.TestExecutor">
    <skipped/>
  </testcase> <!-- claimTestCase -->
  <testcase name="claimTestCase" time="0.0" classname="mvp.cc.testing.CCTesting.TestExecutor">
    <skipped/>
  </testcase> <!-- claimTestCase -->
  <testcase name="claimTestCase" time="0.0" classname="mvp.cc.testing.CCTesting.TestExecutor">
    <skipped/>
  </testcase> <!-- claimTestCase -->
  <testcase name="claimTestCase" time="0.0" classname="mvp.cc.testing.CCTesting.TestExecutor">
    <skipped/>
  </testcase> <!-- claimTestCase -->
  <testcase name="claimTestCase" time="0.0" classname="mvp.cc.testing.CCTesting.TestExecutor">
    <skipped/>
  </testcase> <!-- claimTestCase -->
  <testcase name="claimTestCase" time="0.0" classname="mvp.cc.testing.CCTesting.TestExecutor">
    <skipped/>
  </testcase> <!-- claimTestCase -->
  <testcase name="claimTestCase" time="0.0" classname="mvp.cc.testing.CCTesting.TestExecutor">
    <skipped/>
  </testcase> <!-- claimTestCase -->
</testsuite> <!-- TestLogin -->
