<?xml version="1.0" encoding="UTF-8"?>
<!-- Generated by org.testng.reporters.JUnitReportReporter -->
<testsuite skipped="25" hostname="PICL-JTLPMF2" name="mvp.cc.testing.CCTesting.TestExecutor" tests="26" failures="0" timestamp="28 Aug 2018 00:57:11 GMT" time="10.091" errors="1">
  <testcase name="claimTestCase" time="0.000" classname="mvp.cc.testing.CCTesting.TestExecutor">
    <skipped/>
  </testcase> <!-- claimTestCase -->
  <testcase name="claimTestCase" time="0.000" classname="mvp.cc.testing.CCTesting.TestExecutor">
    <skipped/>
  </testcase> <!-- claimTestCase -->
  <testcase name="claimTestCase" time="0.000" classname="mvp.cc.testing.CCTesting.TestExecutor">
    <skipped/>
  </testcase> <!-- claimTestCase -->
  <testcase name="claimTestCase" time="0.000" classname="mvp.cc.testing.CCTesting.TestExecutor">
    <skipped/>
  </testcase> <!-- claimTestCase -->
  <testcase name="claimTestCase" time="0.000" classname="mvp.cc.testing.CCTesting.TestExecutor">
    <skipped/>
  </testcase> <!-- claimTestCase -->
  <testcase name="claimTestCase" time="0.000" classname="mvp.cc.testing.CCTesting.TestExecutor">
    <skipped/>
  </testcase> <!-- claimTestCase -->
  <testcase name="claimTestCase" time="0.000" classname="mvp.cc.testing.CCTesting.TestExecutor">
    <skipped/>
  </testcase> <!-- claimTestCase -->
  <testcase name="claimTestCase" time="0.000" classname="mvp.cc.testing.CCTesting.TestExecutor">
    <skipped/>
  </testcase> <!-- claimTestCase -->
  <testcase name="claimTestCase" time="0.000" classname="mvp.cc.testing.CCTesting.TestExecutor">
    <skipped/>
  </testcase> <!-- claimTestCase -->
  <testcase name="claimTestCase" time="0.000" classname="mvp.cc.testing.CCTesting.TestExecutor">
    <skipped/>
  </testcase> <!-- claimTestCase -->
  <testcase name="claimTestCase" time="0.000" classname="mvp.cc.testing.CCTesting.TestExecutor">
    <skipped/>
  </testcase> <!-- claimTestCase -->
  <testcase name="claimTestCase" time="0.000" classname="mvp.cc.testing.CCTesting.TestExecutor">
    <skipped/>
  </testcase> <!-- claimTestCase -->
  <testcase name="claimTestCase" time="0.000" classname="mvp.cc.testing.CCTesting.TestExecutor">
    <skipped/>
  </testcase> <!-- claimTestCase -->
  <testcase name="claimTestCase" time="0.000" classname="mvp.cc.testing.CCTesting.TestExecutor">
    <skipped/>
  </testcase> <!-- claimTestCase -->
  <testcase name="claimTestCase" time="0.000" classname="mvp.cc.testing.CCTesting.TestExecutor">
    <skipped/>
  </testcase> <!-- claimTestCase -->
  <testcase name="claimTestCase" time="0.000" classname="mvp.cc.testing.CCTesting.TestExecutor">
    <skipped/>
  </testcase> <!-- claimTestCase -->
  <testcase name="claimTestCase" time="0.000" classname="mvp.cc.testing.CCTesting.TestExecutor">
    <skipped/>
  </testcase> <!-- claimTestCase -->
  <testcase name="claimTestCase" time="0.000" classname="mvp.cc.testing.CCTesting.TestExecutor">
    <skipped/>
  </testcase> <!-- claimTestCase -->
  <testcase name="claimTestCase" time="0.000" classname="mvp.cc.testing.CCTesting.TestExecutor">
    <skipped/>
  </testcase> <!-- claimTestCase -->
  <testcase name="claimTestCase" time="0.000" classname="mvp.cc.testing.CCTesting.TestExecutor">
    <skipped/>
  </testcase> <!-- claimTestCase -->
  <testcase name="claimTestCase" time="0.000" classname="mvp.cc.testing.CCTesting.TestExecutor">
    <skipped/>
  </testcase> <!-- claimTestCase -->
  <testcase name="startDriver" time="10.091" classname="mvp.cc.testing.CCTesting.TestExecutor">
    <error type="org.openqa.selenium.WebDriverException" message="unknown error: failed to change window state to maximized, current state is normal
  (Session info: chrome=67.0.3396.99)
  (Driver info: chromedriver=2.40.565498 (ea082db3280dd6843ebfb08a625e3eb905c4f5ab),platform=Windows NT 10.0.16299 x86_64) (WARNING: The server did not provide any stacktrace information)
Command duration or timeout: 0 milliseconds
Build info: version: &#039;3.13.0&#039;, revision: &#039;2f0d292&#039;, time: &#039;2018-06-25T15:24:21.231Z&#039;
System info: host: &#039;PICL-JTLPMF2&#039;, ip: &#039;10.90.140.79&#039;, os.name: &#039;Windows 10&#039;, os.arch: &#039;amd64&#039;, os.version: &#039;10.0&#039;, java.version: &#039;1.8.0_92&#039;
Driver info: org.openqa.selenium.chrome.ChromeDriver
Capabilities {acceptInsecureCerts: false, acceptSslCerts: false, applicationCacheEnabled: false, browserConnectionEnabled: false, browserName: chrome, chrome: {chromedriverVersion: 2.40.565498 (ea082db3280dd6..., userDataDir: C:\Users\ASALON~1.PIC\AppDa...}, cssSelectorsEnabled: true, databaseEnabled: false, handlesAlerts: true, hasTouchScreen: false, javascriptEnabled: true, locationContextEnabled: true, mobileEmulationEnabled: false, nativeEvents: true, networkConnectionEnabled: false, pageLoadStrategy: normal, platform: XP, platformName: XP, rotatable: false, setWindowRect: true, takesHeapSnapshot: true, takesScreenshot: true, unexpectedAlertBehaviour: , unhandledPromptBehavior: , version: 67.0.3396.99, webStorageEnabled: true}
Session ID: 724e73246812da300676086f5f78caf5">
      <![CDATA[org.openqa.selenium.WebDriverException: unknown error: failed to change window state to maximized, current state is normal
  (Session info: chrome=67.0.3396.99)
  (Driver info: chromedriver=2.40.565498 (ea082db3280dd6843ebfb08a625e3eb905c4f5ab),platform=Windows NT 10.0.16299 x86_64) (WARNING: The server did not provide any stacktrace information)
Command duration or timeout: 0 milliseconds
Build info: version: '3.13.0', revision: '2f0d292', time: '2018-06-25T15:24:21.231Z'
System info: host: 'PICL-JTLPMF2', ip: '10.90.140.79', os.name: 'Windows 10', os.arch: 'amd64', os.version: '10.0', java.version: '1.8.0_92'
Driver info: org.openqa.selenium.chrome.ChromeDriver
Capabilities {acceptInsecureCerts: false, acceptSslCerts: false, applicationCacheEnabled: false, browserConnectionEnabled: false, browserName: chrome, chrome: {chromedriverVersion: 2.40.565498 (ea082db3280dd6..., userDataDir: C:\Users\ASALON~1.PIC\AppDa...}, cssSelectorsEnabled: true, databaseEnabled: false, handlesAlerts: true, hasTouchScreen: false, javascriptEnabled: true, locationContextEnabled: true, mobileEmulationEnabled: false, nativeEvents: true, networkConnectionEnabled: false, pageLoadStrategy: normal, platform: XP, platformName: XP, rotatable: false, setWindowRect: true, takesHeapSnapshot: true, takesScreenshot: true, unexpectedAlertBehaviour: , unhandledPromptBehavior: , version: 67.0.3396.99, webStorageEnabled: true}
Session ID: 724e73246812da300676086f5f78caf5
at sun.reflect.NativeConstructorAccessorImpl.newInstance0(Native Method)
at sun.reflect.NativeConstructorAccessorImpl.newInstance(NativeConstructorAccessorImpl.java:62)
at sun.reflect.DelegatingConstructorAccessorImpl.newInstance(DelegatingConstructorAccessorImpl.java:45)
at java.lang.reflect.Constructor.newInstance(Constructor.java:423)
at org.openqa.selenium.remote.ErrorHandler.createThrowable(ErrorHandler.java:214)
at org.openqa.selenium.remote.ErrorHandler.throwIfResponseFailed(ErrorHandler.java:166)
at org.openqa.selenium.remote.http.JsonHttpResponseCodec.reconstructValue(JsonHttpResponseCodec.java:40)
at org.openqa.selenium.remote.http.AbstractHttpResponseCodec.decode(AbstractHttpResponseCodec.java:80)
at org.openqa.selenium.remote.http.AbstractHttpResponseCodec.decode(AbstractHttpResponseCodec.java:44)
at org.openqa.selenium.remote.HttpCommandExecutor.execute(HttpCommandExecutor.java:158)
at org.openqa.selenium.remote.service.DriverCommandExecutor.execute(DriverCommandExecutor.java:83)
at org.openqa.selenium.remote.RemoteWebDriver.execute(RemoteWebDriver.java:548)
at org.openqa.selenium.remote.RemoteWebDriver.execute(RemoteWebDriver.java:605)
at org.openqa.selenium.remote.RemoteWebDriver$RemoteWebDriverOptions$RemoteWindow.maximize(RemoteWebDriver.java:833)
at mvp.cc.testing.CCTesting.Application.<init>(Application.java:33)
at mvp.cc.testing.CCTesting.TestExecutor.startDriver(TestExecutor.java:15)
at sun.reflect.NativeMethodAccessorImpl.invoke0(Native Method)
at sun.reflect.NativeMethodAccessorImpl.invoke(NativeMethodAccessorImpl.java:62)
at sun.reflect.DelegatingMethodAccessorImpl.invoke(DelegatingMethodAccessorImpl.java:43)
at java.lang.reflect.Method.invoke(Method.java:498)
at org.testng.internal.MethodInvocationHelper.invokeMethod(MethodInvocationHelper.java:124)
at org.testng.internal.MethodInvocationHelper.invokeMethodConsideringTimeout(MethodInvocationHelper.java:59)
at org.testng.internal.Invoker.invokeConfigurationMethod(Invoker.java:458)
at org.testng.internal.Invoker.invokeConfigurations(Invoker.java:222)
at org.testng.internal.Invoker.invokeConfigurations(Invoker.java:142)
at org.testng.TestRunner.beforeRun(TestRunner.java:529)
at org.testng.TestRunner.run(TestRunner.java:497)
at org.testng.SuiteRunner.runTest(SuiteRunner.java:455)
at org.testng.SuiteRunner.runSequentially(SuiteRunner.java:450)
at org.testng.SuiteRunner.privateRun(SuiteRunner.java:415)
at org.testng.SuiteRunner.run(SuiteRunner.java:364)
at org.testng.SuiteRunnerWorker.runSuite(SuiteRunnerWorker.java:52)
at org.testng.SuiteRunnerWorker.run(SuiteRunnerWorker.java:84)
at org.testng.TestNG.runSuitesSequentially(TestNG.java:1208)
at org.testng.TestNG.runSuitesLocally(TestNG.java:1137)
at org.testng.TestNG.runSuites(TestNG.java:1049)
at org.testng.TestNG.run(TestNG.java:1017)
at org.apache.maven.surefire.testng.TestNGExecutor.run(TestNGExecutor.java:283)
at org.apache.maven.surefire.testng.TestNGXmlTestSuite.execute(TestNGXmlTestSuite.java:75)
at org.apache.maven.surefire.testng.TestNGProvider.invoke(TestNGProvider.java:120)
at org.apache.maven.surefire.booter.ForkedBooter.invokeProviderInSameClassLoader(ForkedBooter.java:383)
at org.apache.maven.surefire.booter.ForkedBooter.runSuitesInProcess(ForkedBooter.java:344)
at org.apache.maven.surefire.booter.ForkedBooter.execute(ForkedBooter.java:125)
at org.apache.maven.surefire.booter.ForkedBooter.main(ForkedBooter.java:417)
]]>
    </error>
  </testcase> <!-- startDriver -->
  <testcase name="claimTestCase" time="0.000" classname="mvp.cc.testing.CCTesting.TestExecutor">
    <skipped/>
  </testcase> <!-- claimTestCase -->
  <testcase name="claimTestCase" time="0.000" classname="mvp.cc.testing.CCTesting.TestExecutor">
    <skipped/>
  </testcase> <!-- claimTestCase -->
  <testcase name="claimTestCase" time="0.000" classname="mvp.cc.testing.CCTesting.TestExecutor">
    <skipped/>
  </testcase> <!-- claimTestCase -->
  <testcase name="claimTestCase" time="0.000" classname="mvp.cc.testing.CCTesting.TestExecutor">
    <skipped/>
  </testcase> <!-- claimTestCase -->
</testsuite> <!-- mvp.cc.testing.CCTesting.TestExecutor -->
